This is pdfTeX, Version 3.14159265-2.6-1.40.18 (TeX Live 2017) (preloaded format=pdflatex 2017.5.23)  10 FEB 2026 16:30
entering extended mode
 restricted \write18 enabled.
 %&-line parsing enabled.
**/Users/Jhona/git_repositories/Reacting-Mixing-Layer-Jhonatan-/rxml/document/main
(/Users/Jhona/git_repositories/Reacting-Mixing-Layer-Jhonatan-/rxml/document/main.tex
LaTeX2e <2017-04-15>
Babel <3.10> and hyphenation patterns for 84 language(s) loaded.
(/usr/local/texlive/2017/texmf-dist/tex/latex/elsarticle/elsarticle.cls
Document Class: elsarticle 2009/09/17, 1.2.0: Elsevier Ltd
\@bls=\dimen102
(/usr/local/texlive/2017/texmf-dist/tex/latex/base/article.cls
Document Class: article 2014/09/29 v1.4h Standard LaTeX document class
(/usr/local/texlive/2017/texmf-dist/tex/latex/base/size12.clo
File: size12.clo 2014/09/29 v1.4h Standard LaTeX file (size option)
)
\c@part=\count79
\c@section=\count80
\c@subsection=\count81
\c@subsubsection=\count82
\c@paragraph=\count83
\c@subparagraph=\count84
\c@figure=\count85
\c@table=\count86
\abovecaptionskip=\skip41
\belowcaptionskip=\skip42
\bibindent=\dimen103
) (/usr/local/texlive/2017/texmf-dist/tex/latex/graphics/graphicx.sty
Package: graphicx 2014/10/28 v1.0g Enhanced LaTeX Graphics (DPC,SPQR)
 (/usr/local/texlive/2017/texmf-dist/tex/latex/graphics/keyval.sty
Package: keyval 2014/10/28 v1.15 key=value parser (DPC)
\KV@toks@=\toks14
) (/usr/local/texlive/2017/texmf-dist/tex/latex/graphics/graphics.sty
Package: graphics 2017/04/14 v1.1b Standard LaTeX Graphics (DPC,SPQR)
 (/usr/local/texlive/2017/texmf-dist/tex/latex/graphics/trig.sty
Package: trig 2016/01/03 v1.10 sin cos tan (DPC)
) (/usr/local/texlive/2017/texmf-dist/tex/latex/graphics-cfg/graphics.cfg
File: graphics.cfg 2016/06/04 v1.11 sample graphics configuration
)
Package graphics Info: Driver file: pdftex.def on input line 99.
 (/usr/local/texlive/2017/texmf-dist/tex/latex/graphics-def/pdftex.def
File: pdftex.def 2017/01/12 v0.06k Graphics/color for pdfTeX
 (/usr/local/texlive/2017/texmf-dist/tex/generic/oberdiek/infwarerr.sty
Package: infwarerr 2016/05/16 v1.4 Providing info/warning/error messages (HO)
) (/usr/local/texlive/2017/texmf-dist/tex/generic/oberdiek/ltxcmds.sty
Package: ltxcmds 2016/05/16 v1.23 LaTeX kernel commands for general use (HO)
)
\Gread@gobject=\count87
))
\Gin@req@height=\dimen104
\Gin@req@width=\dimen105
) (/usr/local/texlive/2017/texmf-dist/tex/latex/psnfss/pifont.sty
Package: pifont 2005/04/12 PSNFSS-v9.2a Pi font support (SPQR) 
LaTeX Font Info:    Try loading font information for U+pzd on input line 63.
 (/usr/local/texlive/2017/texmf-dist/tex/latex/psnfss/upzd.fd
File: upzd.fd 2001/06/04 font definitions for U/pzd.
)
LaTeX Font Info:    Try loading font information for U+psy on input line 64.
 (/usr/local/texlive/2017/texmf-dist/tex/latex/psnfss/upsy.fd
File: upsy.fd 2001/06/04 font definitions for U/psy.
))
\c@tnote=\count88
\c@fnote=\count89
\c@cnote=\count90
\c@ead=\count91
\c@author=\count92
\@eadauthor=\toks15
\c@affn=\count93
\absbox=\box26
\keybox=\box27
\Columnwidth=\dimen106
\space@left=\dimen107
\els@boxa=\box28
\els@boxb=\box29
\leftMargin=\dimen108
\@enLab=\toks16
\@sep=\skip43
\@@sep=\skip44
 (./main.spl) (/usr/local/texlive/2017/texmf-dist/tex/latex/natbib/natbib.sty
Package: natbib 2010/09/13 8.31b (PWD, AO)
\bibhang=\skip45
\bibsep=\skip46
LaTeX Info: Redefining \cite on input line 694.
\c@NAT@ctr=\count94
)
\splwrite=\write3
\openout3 = `main.spl'.

) (/usr/local/texlive/2017/texmf-dist/tex/latex/amsmath/amsmath.sty
Package: amsmath 2016/11/05 v2.16a AMS math features
\@mathmargin=\skip47

For additional information on amsmath, use the `?' option.
(/usr/local/texlive/2017/texmf-dist/tex/latex/amsmath/amstext.sty
Package: amstext 2000/06/29 v2.01 AMS text
 (/usr/local/texlive/2017/texmf-dist/tex/latex/amsmath/amsgen.sty
File: amsgen.sty 1999/11/30 v2.0 generic functions
\@emptytoks=\toks17
\ex@=\dimen109
)) (/usr/local/texlive/2017/texmf-dist/tex/latex/amsmath/amsbsy.sty
Package: amsbsy 1999/11/29 v1.2d Bold Symbols
\pmbraise@=\dimen110
) (/usr/local/texlive/2017/texmf-dist/tex/latex/amsmath/amsopn.sty
Package: amsopn 2016/03/08 v2.02 operator names
)
\inf@bad=\count95
LaTeX Info: Redefining \frac on input line 213.
\uproot@=\count96
\leftroot@=\count97
LaTeX Info: Redefining \overline on input line 375.
\classnum@=\count98
\DOTSCASE@=\count99
LaTeX Info: Redefining \ldots on input line 472.
LaTeX Info: Redefining \dots on input line 475.
LaTeX Info: Redefining \cdots on input line 596.
\Mathstrutbox@=\box30
\strutbox@=\box31
\big@size=\dimen111
LaTeX Font Info:    Redeclaring font encoding OML on input line 712.
LaTeX Font Info:    Redeclaring font encoding OMS on input line 713.
\macc@depth=\count100
\c@MaxMatrixCols=\count101
\dotsspace@=\muskip10
\c@parentequation=\count102
\dspbrk@lvl=\count103
\tag@help=\toks18
\row@=\count104
\column@=\count105
\maxfields@=\count106
\andhelp@=\toks19
\eqnshift@=\dimen112
\alignsep@=\dimen113
\tagshift@=\dimen114
\tagwidth@=\dimen115
\totwidth@=\dimen116
\lineht@=\dimen117
\@envbody=\toks20
\multlinegap=\skip48
\multlinetaggap=\skip49
\mathdisplay@stack=\toks21
LaTeX Info: Redefining \[ on input line 2817.
LaTeX Info: Redefining \] on input line 2818.
) (/usr/local/texlive/2017/texmf-dist/tex/latex/amsfonts/amssymb.sty
Package: amssymb 2013/01/14 v3.01 AMS font symbols
 (/usr/local/texlive/2017/texmf-dist/tex/latex/amsfonts/amsfonts.sty
Package: amsfonts 2013/01/14 v3.01 Basic AMSFonts support
\symAMSa=\mathgroup4
\symAMSb=\mathgroup5
LaTeX Font Info:    Overwriting math alphabet `\mathfrak' in version `bold'
(Font)                  U/euf/m/n --> U/euf/b/n on input line 106.
)) (/usr/local/texlive/2017/texmf-dist/tex/latex/lineno/lineno.sty
Package: lineno 2005/11/02 line numbers on paragraphs v4.41
\linenopenalty=\count107
\output=\toks22
\linenoprevgraf=\count108
\linenumbersep=\dimen118
\linenumberwidth=\dimen119
\c@linenumber=\count109
\c@pagewiselinenumber=\count110
\c@LN@truepage=\count111
\c@internallinenumber=\count112
\c@internallinenumbers=\count113
\quotelinenumbersep=\dimen120
\bframerule=\dimen121
\bframesep=\dimen122
\bframebox=\box32
LaTeX Info: Redefining \\ on input line 3056.
) (/usr/local/texlive/2017/texmf-dist/tex/latex/mathtools/mathtools.sty
Package: mathtools 2015/11/12 v1.18 mathematical typesetting tools
 (/usr/local/texlive/2017/texmf-dist/tex/latex/tools/calc.sty
Package: calc 2014/10/28 v4.3 Infix arithmetic (KKT,FJ)
\calc@Acount=\count114
\calc@Bcount=\count115
\calc@Adimen=\dimen123
\calc@Bdimen=\dimen124
\calc@Askip=\skip50
\calc@Bskip=\skip51
LaTeX Info: Redefining \setlength on input line 80.
LaTeX Info: Redefining \addtolength on input line 81.
\calc@Ccount=\count116
\calc@Cskip=\skip52
) (/usr/local/texlive/2017/texmf-dist/tex/latex/mathtools/mhsetup.sty
Package: mhsetup 2010/01/21 v1.2a programming setup (MH)
)
LaTeX Info: Thecontrolsequence`\('isalreadyrobust on input line 129.
LaTeX Info: Thecontrolsequence`\)'isalreadyrobust on input line 129.
LaTeX Info: Thecontrolsequence`\['isalreadyrobust on input line 129.
LaTeX Info: Thecontrolsequence`\]'isalreadyrobust on input line 129.
\g_MT_multlinerow_int=\count117
\l_MT_multwidth_dim=\dimen125
\origjot=\skip53
\l_MT_shortvdotswithinadjustabove_dim=\dimen126
\l_MT_shortvdotswithinadjustbelow_dim=\dimen127
\l_MT_above_intertext_sep=\dimen128
\l_MT_below_intertext_sep=\dimen129
\l_MT_above_shortintertext_sep=\dimen130
\l_MT_below_shortintertext_sep=\dimen131
) (/usr/local/texlive/2017/texmf-dist/tex/latex/cancel/cancel.sty
Package: cancel 2013/04/12 v2.2 Cancel math terms
) (/usr/local/texlive/2017/texmf-dist/tex/latex/xcolor/xcolor.sty
Package: xcolor 2016/05/11 v2.12 LaTeX color extensions (UK)
 (/usr/local/texlive/2017/texmf-dist/tex/latex/graphics-cfg/color.cfg
File: color.cfg 2016/01/02 v1.6 sample color configuration
)
Package xcolor Info: Package option `usenames' ignored on input line 216.
Package xcolor Info: Driver file: pdftex.def on input line 225.
 (/usr/local/texlive/2017/texmf-dist/tex/latex/colortbl/colortbl.sty
Package: colortbl 2012/02/13 v1.0a Color table columns (DPC)
 (/usr/local/texlive/2017/texmf-dist/tex/latex/tools/array.sty
Package: array 2016/10/06 v2.4d Tabular extension package (FMi)
\col@sep=\dimen132
\extrarowheight=\dimen133
\NC@list=\toks23
\extratabsurround=\skip54
\backup@length=\skip55
)
\everycr=\toks24
\minrowclearance=\skip56
)
\rownum=\count118
Package xcolor Info: Model `cmy' substituted by `cmy0' on input line 1348.
Package xcolor Info: Model `hsb' substituted by `rgb' on input line 1352.
Package xcolor Info: Model `RGB' extended on input line 1364.
Package xcolor Info: Model `HTML' substituted by `rgb' on input line 1366.
Package xcolor Info: Model `Hsb' substituted by `hsb' on input line 1367.
Package xcolor Info: Model `tHsb' substituted by `hsb' on input line 1368.
Package xcolor Info: Model `HSB' substituted by `hsb' on input line 1369.
Package xcolor Info: Model `Gray' substituted by `gray' on input line 1370.
Package xcolor Info: Model `wave' substituted by `hsb' on input line 1371.
 (/usr/local/texlive/2017/texmf-dist/tex/latex/graphics/dvipsnam.def
File: dvipsnam.def 2016/06/17 v3.0m Driver-dependent file (DPC,SPQR)
) (/usr/local/texlive/2017/texmf-dist/tex/latex/xcolor/svgnam.def
File: svgnam.def 2016/05/11 v2.12 Predefined colors according to SVG 1.1 (UK)
)) (/usr/local/texlive/2017/texmf-dist/tex/latex/base/inputenc.sty
Package: inputenc 2015/03/17 v1.2c Input encoding file
\inpenc@prehook=\toks25
\inpenc@posthook=\toks26
 (/usr/local/texlive/2017/texmf-dist/tex/latex/ucs/utf8x.def
File: utf8x.def 2004/10/17 UCS: Input encoding UTF-8
)) (/usr/local/texlive/2017/texmf-dist/tex/latex/ucs/ucs.sty
Package: ucs 2013/05/11 v2.2 UCS: Unicode input support
 (/usr/local/texlive/2017/texmf-dist/tex/latex/ucs/data/uni-global.def
File: uni-global.def 2013/05/13 UCS: Unicode global data
)
\uc@secondtry=\count119
\uc@combtoks=\toks27
\uc@combtoksb=\toks28
\uc@temptokena=\toks29
) (/usr/local/texlive/2017/texmf-dist/tex/latex/base/fontenc.sty
Package: fontenc 2017/04/05 v2.0i Standard LaTeX package
 (/usr/local/texlive/2017/texmf-dist/tex/latex/base/t1enc.def
File: t1enc.def 2017/04/05 v2.0i Standard LaTeX file
LaTeX Font Info:    Redeclaring font encoding T1 on input line 48.
)) (/usr/local/texlive/2017/texmf-dist/tex/generic/babel/babel.sty
Package: babel 2017/05/19 3.10 The Babel package
 (/usr/local/texlive/2017/texmf-dist/tex/generic/babel-english/english.ldf
Language: english 2017/01/24 v3.3q English support from the babel system
 (/usr/local/texlive/2017/texmf-dist/tex/generic/babel/babel.def
File: babel.def 2017/05/19 3.10 Babel common definitions
\babel@savecnt=\count120
\U@D=\dimen134
)
\l@canadian = a dialect from \language\l@american 
\l@australian = a dialect from \language\l@british 
\l@newzealand = a dialect from \language\l@british 
)) (/usr/local/texlive/2017/texmf-dist/tex/latex/amscls/amsthm.sty
Package: amsthm 2015/03/04 v2.20.2
\thm@style=\toks30
\thm@bodyfont=\toks31
\thm@headfont=\toks32
\thm@notefont=\toks33
\thm@headpunct=\toks34
\thm@preskip=\skip57
\thm@postskip=\skip58
\thm@headsep=\skip59
\dth@everypar=\toks35
LaTeX Info: Redefining \qed on input line 264.
) (/usr/local/texlive/2017/texmf-dist/tex/latex/lipsum/lipsum.sty
Package: lipsum 2014/07/27 v1.3 150 paragraphs of Lorem Ipsum dummy text
\c@lips@count=\count121
) (/usr/local/texlive/2017/texmf-dist/tex/latex/sectsty/sectsty.sty
Package: sectsty 2002/02/25 v2.0.2 Commands to change all sectional heading styles
) (/usr/local/texlive/2017/texmf-dist/tex/latex/fancyhdr/fancyhdr.sty
Package: fancyhdr 2016/09/06 3.8 Extensive control of page headers and footers
\fancy@headwidth=\skip60
\f@ncyO@elh=\skip61
\f@ncyO@erh=\skip62
\f@ncyO@olh=\skip63
\f@ncyO@orh=\skip64
\f@ncyO@elf=\skip65
\f@ncyO@erf=\skip66
\f@ncyO@olf=\skip67
\f@ncyO@orf=\skip68
) (./main.aux

LaTeX Warning: Label `mass2' multiply defined.


LaTeX Warning: Label `mass2' multiply defined.


LaTeX Warning: Label `mass2' multiply defined.


LaTeX Warning: Label `mass2' multiply defined.


LaTeX Warning: Label `g2' multiply defined.


LaTeX Warning: Label `h-d' multiply defined.


LaTeX Warning: Label `fx' multiply defined.


LaTeX Warning: Label `fy' multiply defined.


LaTeX Warning: Label `hatv' multiply defined.


LaTeX Warning: Label `h1' multiply defined.


LaTeX Warning: Label `h2' multiply defined.

)
\openout1 = `main.aux'.

LaTeX Font Info:    Checking defaults for OML/cmm/m/it on input line 88.
LaTeX Font Info:    ... okay on input line 88.
LaTeX Font Info:    Checking defaults for T1/cmr/m/n on input line 88.
LaTeX Font Info:    ... okay on input line 88.
LaTeX Font Info:    Checking defaults for OT1/cmr/m/n on input line 88.
LaTeX Font Info:    ... okay on input line 88.
LaTeX Font Info:    Checking defaults for OMS/cmsy/m/n on input line 88.
LaTeX Font Info:    ... okay on input line 88.
LaTeX Font Info:    Checking defaults for OMX/cmex/m/n on input line 88.
LaTeX Font Info:    ... okay on input line 88.
LaTeX Font Info:    Checking defaults for U/cmr/m/n on input line 88.
LaTeX Font Info:    ... okay on input line 88.
 (/usr/local/texlive/2017/texmf-dist/tex/context/base/mkii/supp-pdf.mkii
[Loading MPS to PDF converter (version 2006.09.02).]
\scratchcounter=\count122
\scratchdimen=\dimen135
\scratchbox=\box33
\nofMPsegments=\count123
\nofMParguments=\count124
\everyMPshowfont=\toks36
\MPscratchCnt=\count125
\MPscratchDim=\dimen136
\MPnumerator=\count126
\makeMPintoPDFobject=\count127
\everyMPtoPDFconversion=\toks37
) (/usr/local/texlive/2017/texmf-dist/tex/generic/oberdiek/pdftexcmds.sty
Package: pdftexcmds 2017/03/19 v0.25 Utility functions of pdfTeX for LuaTeX (HO)
 (/usr/local/texlive/2017/texmf-dist/tex/generic/oberdiek/ifluatex.sty
Package: ifluatex 2016/05/16 v1.4 Provides the ifluatex switch (HO)
Package ifluatex Info: LuaTeX not detected.
) (/usr/local/texlive/2017/texmf-dist/tex/generic/oberdiek/ifpdf.sty
Package: ifpdf 2017/03/15 v3.2 Provides the ifpdf switch
)
Package pdftexcmds Info: LuaTeX not detected.
Package pdftexcmds Info: \pdf@primitive is available.
Package pdftexcmds Info: \pdf@ifprimitive is available.
Package pdftexcmds Info: \pdfdraftmode found.
) (/usr/local/texlive/2017/texmf-dist/tex/latex/oberdiek/epstopdf-base.sty
Package: epstopdf-base 2016/05/15 v2.6 Base part for package epstopdf
 (/usr/local/texlive/2017/texmf-dist/tex/latex/oberdiek/grfext.sty
Package: grfext 2016/05/16 v1.2 Manage graphics extensions (HO)
 (/usr/local/texlive/2017/texmf-dist/tex/generic/oberdiek/kvdefinekeys.sty
Package: kvdefinekeys 2016/05/16 v1.4 Define keys (HO)
)) (/usr/local/texlive/2017/texmf-dist/tex/latex/oberdiek/kvoptions.sty
Package: kvoptions 2016/05/16 v3.12 Key value format for package options (HO)
 (/usr/local/texlive/2017/texmf-dist/tex/generic/oberdiek/kvsetkeys.sty
Package: kvsetkeys 2016/05/16 v1.17 Key value parser (HO)
 (/usr/local/texlive/2017/texmf-dist/tex/generic/oberdiek/etexcmds.sty
Package: etexcmds 2016/05/16 v1.6 Avoid name clashes with e-TeX commands (HO)
Package etexcmds Info: Could not find \expanded.
(etexcmds)             That can mean that you are not using pdfTeX 1.50 or
(etexcmds)             that some package has redefined \expanded.
(etexcmds)             In the latter case, load this package earlier.
)))
Package epstopdf-base Info: Redefining graphics rule for `.eps' on input line 438.
Package grfext Info: Graphics extension search list:
(grfext)             [.png,.pdf,.jpg,.mps,.jpeg,.jbig2,.jb2,.PNG,.PDF,.JPG,.JPEG,.JBIG2,.JB2,.eps]
(grfext)             \AppendGraphicsExtensions on input line 456.
 (/usr/local/texlive/2017/texmf-dist/tex/latex/latexconfig/epstopdf-sys.cfg
File: epstopdf-sys.cfg 2010/07/13 v1.3 Configuration of (r)epstopdf for TeX Live
)) (/usr/local/texlive/2017/texmf-dist/tex/latex/ucs/ucsencs.def
File: ucsencs.def 2011/01/21 Fixes to fontencodings LGR, T3
) (/usr/local/texlive/2017/texmf-dist/tex/latex/ucs/data/uni-0.def
File: uni-0.def 2013/05/13 UCS: Unicode data U+0000..U+00FF
)
LaTeX Font Info:    Try loading font information for U+msa on input line 138.
 (/usr/local/texlive/2017/texmf-dist/tex/latex/amsfonts/umsa.fd
File: umsa.fd 2013/01/14 v3.01 AMS symbols A
)
LaTeX Font Info:    Try loading font information for U+msb on input line 138.
 (/usr/local/texlive/2017/texmf-dist/tex/latex/amsfonts/umsb.fd
File: umsb.fd 2013/01/14 v3.01 AMS symbols B
) [1


{/usr/local/texlive/2017/texmf-var/fonts/map/pdftex/updmap/pdftex.map}]
LaTeX Font Info:    Try loading font information for T1+cmss on input line 146.
 (/usr/local/texlive/2017/texmf-dist/tex/latex/base/t1cmss.fd
File: t1cmss.fd 2014/09/29 v2.5h Standard LaTeX font definitions
) (./rxmxl.tex <reacting.jpeg, id=11, 455.45157pt x 277.035pt>
File: reacting.jpeg Graphic file (type jpg)
 <use reacting.jpeg>
Package pdftex.def Info: reacting.jpeg used on input line 5.
(pdftex.def)             Requested size: 390.0pt x 237.22668pt.

Underfull \hbox (badness 10000) in paragraph at lines 13--19

 []

[2

 <./reacting.jpeg>]
Underfull \hbox (badness 10000) in paragraph at lines 26--31

 []


Overfull \hbox (22.31497pt too wide) detected at line 38
[]\OT1/cmr/m/n/12 (\OML/cmm/m/it/12 ^^ZY[]\OT1/cmr/m/n/12 ) + [](\OML/cmm/m/it/12 ^^ZY[]\OT1/cmr/m/n/12 (\OML/cmm/m/it/12 u[] \OT1/cmr/m/n/12 + \OML/cmm/m/it/12 V[]\OT1/cmr/m/n/12 )) = \OML/cmm/m/it/12 s[]\OT1/cmr/m/n/12 
 [] \OML/cmm/m/it/12 i \OT1/cmr/m/n/12 = 1\OML/cmm/m/it/12 ; \OT1/cmr/m/n/12 2\OML/cmm/m/it/12 ; \OT1/cmr/m/n/12 3 [] \OML/cmm/m/it/12 m \OT1/cmr/m/n/12 = []
 []


Underfull \hbox (badness 10000) in paragraph at lines 38--42

 []


Underfull \hbox (badness 10000) in paragraph at lines 51--57

 []


Underfull \hbox (badness 10000) in paragraph at lines 51--57

 []


Underfull \hbox (badness 10000) in paragraph at lines 51--57

 []


Underfull \hbox (badness 10000) in paragraph at lines 65--71

 []


Underfull \hbox (badness 10000) in paragraph at lines 65--71

 []


Underfull \hbox (badness 10000) in paragraph at lines 65--71

 []


Underfull \hbox (badness 10000) in paragraph at lines 74--80

 []


Underfull \hbox (badness 10000) in paragraph at lines 74--80

 []


Underfull \hbox (badness 10000) in paragraph at lines 74--80

 []

[3]
Underfull \hbox (badness 10000) in paragraph at lines 90--97

 []


Underfull \hbox (badness 10000) in paragraph at lines 90--97

 []


Underfull \hbox (badness 10000) in paragraph at lines 90--97

 []


Underfull \hbox (badness 10000) in paragraph at lines 105--111

 []


Underfull \hbox (badness 10000) in paragraph at lines 105--111

 []


Underfull \hbox (badness 10000) in paragraph at lines 105--111

 []


Underfull \hbox (badness 10000) in paragraph at lines 113--115

 []


Underfull \hbox (badness 10000) in paragraph at lines 117--142

 []


Underfull \hbox (badness 10000) in paragraph at lines 117--142

 []


Underfull \hbox (badness 10000) in paragraph at lines 117--142

 []


Underfull \hbox (badness 10000) in paragraph at lines 117--142

 []

[4]
Underfull \hbox (badness 10000) in paragraph at lines 166--170

 []


Underfull \hbox (badness 10000) in paragraph at lines 166--170

 []


Underfull \hbox (badness 10000) in paragraph at lines 172--179

 []


Underfull \hbox (badness 10000) in paragraph at lines 172--179

 []


Underfull \hbox (badness 10000) in paragraph at lines 172--179

 []


Underfull \hbox (badness 10000) in paragraph at lines 183--189

 []


Underfull \hbox (badness 10000) in paragraph at lines 183--189

 []


Underfull \hbox (badness 10000) in paragraph at lines 183--189

 []

[5]
Underfull \hbox (badness 10000) in paragraph at lines 191--197

 []


Underfull \hbox (badness 10000) in paragraph at lines 191--197

 []


Underfull \hbox (badness 10000) in paragraph at lines 191--197

 []


Underfull \hbox (badness 10000) in paragraph at lines 199--209

 []


Underfull \hbox (badness 10000) in paragraph at lines 199--209

 []


Underfull \hbox (badness 10000) in paragraph at lines 199--209

 []


Underfull \hbox (badness 10000) in paragraph at lines 199--209

 []


Underfull \hbox (badness 10000) in paragraph at lines 213--229

 []


Underfull \hbox (badness 10000) in paragraph at lines 213--229

 []


Underfull \hbox (badness 10000) in paragraph at lines 213--229

 []


Underfull \hbox (badness 10000) in paragraph at lines 213--229

 []


Underfull \hbox (badness 10000) in paragraph at lines 213--229

 []


Underfull \hbox (badness 10000) in paragraph at lines 234--237

 []


Underfull \hbox (badness 10000) in paragraph at lines 234--237

 []


Underfull \hbox (badness 10000) in paragraph at lines 242--248

 []


Underfull \hbox (badness 10000) in paragraph at lines 242--248

 []


Underfull \hbox (badness 10000) in paragraph at lines 242--248

 []


Underfull \hbox (badness 10000) in paragraph at lines 252--258

 []


Underfull \hbox (badness 10000) in paragraph at lines 252--258

 []


Underfull \hbox (badness 10000) in paragraph at lines 252--258

 []

[6]
Underfull \hbox (badness 10000) in paragraph at lines 263--266

 []


Underfull \hbox (badness 10000) in paragraph at lines 263--266

 []


Underfull \hbox (badness 10000) in paragraph at lines 272--278

 []


Underfull \hbox (badness 10000) in paragraph at lines 272--278

 []


Underfull \hbox (badness 10000) in paragraph at lines 272--278

 []


Underfull \hbox (badness 10000) in paragraph at lines 284--287

 []


Underfull \hbox (badness 10000) in paragraph at lines 284--287

 []


Underfull \hbox (badness 10000) in paragraph at lines 293--296

 []


Underfull \hbox (badness 10000) in paragraph at lines 293--296

 []


Underfull \hbox (badness 10000) in paragraph at lines 304--310

 []


Underfull \hbox (badness 10000) in paragraph at lines 304--310

 []


Underfull \hbox (badness 10000) in paragraph at lines 304--310

 []


Underfull \hbox (badness 10000) in paragraph at lines 316--318

 []

[7]
Underfull \hbox (badness 10000) in paragraph at lines 324--331

 []


Underfull \hbox (badness 10000) in paragraph at lines 324--331

 []


Underfull \hbox (badness 10000) in paragraph at lines 324--331

 []


Underfull \hbox (badness 10000) in paragraph at lines 337--339

 []


Underfull \hbox (badness 10000) in paragraph at lines 345--348

 []


Underfull \hbox (badness 10000) in paragraph at lines 345--348

 []


Underfull \hbox (badness 10000) in paragraph at lines 350--353

 []


Underfull \hbox (badness 10000) in paragraph at lines 350--353

 []


Underfull \hbox (badness 10000) in paragraph at lines 361--364

 []


Underfull \hbox (badness 10000) in paragraph at lines 361--364

 []


Underfull \hbox (badness 10000) in paragraph at lines 368--371

 []


Underfull \hbox (badness 10000) in paragraph at lines 368--371

 []


Underfull \hbox (badness 10000) in paragraph at lines 376--379

 []


Underfull \hbox (badness 10000) in paragraph at lines 376--379

 []


Underfull \hbox (badness 10000) in paragraph at lines 384--387

 []


Underfull \hbox (badness 10000) in paragraph at lines 384--387

 []


Overfull \hbox (43.6843pt too wide) detected at line 395
[] \OT1/cmr/m/n/12 = [] [] + [] [] + [] [] + [] [] + [] [] + [] []
 []

[8]
Underfull \hbox (badness 10000) in paragraph at lines 395--398

 []


Underfull \hbox (badness 10000) in paragraph at lines 395--398

 []


Underfull \hbox (badness 10000) in paragraph at lines 406--409

 []


Underfull \hbox (badness 10000) in paragraph at lines 406--409

 []


Underfull \hbox (badness 10000) in paragraph at lines 417--420

 []


Underfull \hbox (badness 10000) in paragraph at lines 417--420

 []


Underfull \hbox (badness 10000) in paragraph at lines 423--426

 []


Underfull \hbox (badness 10000) in paragraph at lines 423--426

 []


Overfull \hbox (41.07661pt too wide) detected at line 434
[] \OT1/cmr/m/n/12 = [] [] + [] [] + [] [] + [] [] + [] [] + [] []
 []


Underfull \hbox (badness 10000) in paragraph at lines 434--440

 []


Underfull \hbox (badness 10000) in paragraph at lines 434--440

 []


Underfull \hbox (badness 10000) in paragraph at lines 434--440

 []


Overfull \hbox (10.32707pt too wide) detected at line 449
[] \OT1/cmr/m/n/12 = [](\OML/cmm/m/it/12 ^^U[]U[]\OT1/cmr/m/n/12 ) + [](\OML/cmm/m/it/12 ^^U[]U[]\OT1/cmr/m/n/12 ) + [](\OML/cmm/m/it/12 ^^V[]U[]\OT1/cmr/m/n/12 ) + [](\OML/cmm/m/it/12 ^^V[]U[]\OT1/cmr/m/n/12 ) + [](\OML/cmm/m/it/12 ^^V[]^^NU[]\OT1/cmr/m/n/12 ) + [](\OML/cmm/m/it/12 ^^V[]U[]\OT1/cmr/m/n/12 )
 []


Underfull \hbox (badness 10000) in paragraph at lines 449--454

 []


Underfull \hbox (badness 10000) in paragraph at lines 449--454

 []

[9]
Overfull \hbox (104.23857pt too wide) detected at line 462
[] \OT1/cmr/m/n/12 = [] (\OML/cmm/m/it/12 ^^U[]U[]\OT1/cmr/m/n/12 ) + [] (\OML/cmm/m/it/12 ^^U[]U[]\OT1/cmr/m/n/12 ) + [] (\OML/cmm/m/it/12 ^^V[]U[]\OT1/cmr/m/n/12 ) + [] (\OML/cmm/m/it/12 ^^V[]U[]\OT1/cmr/m/n/12 ) + [][] (\OML/cmm/m/it/12 ^^V[]^^NU[]\OT1/cmr/m/n/12 ) + [] (\OML/cmm/m/it/12 ^^V[]U[]\OT1/cmr/m/n/12 )
 []


Underfull \hbox (badness 10000) in paragraph at lines 462--465

 []


Underfull \hbox (badness 10000) in paragraph at lines 462--465

 []


Overfull \hbox (104.23857pt too wide) detected at line 473
[] \OT1/cmr/m/n/12 = [] + [] + [] + [] + [] + []
 []


Underfull \hbox (badness 10000) in paragraph at lines 473--476

 []


Underfull \hbox (badness 10000) in paragraph at lines 473--476

 []


Underfull \hbox (badness 10000) in paragraph at lines 478--484

 []


Underfull \hbox (badness 10000) in paragraph at lines 478--484

 []


Underfull \hbox (badness 10000) in paragraph at lines 478--484

 []


Underfull \hbox (badness 10000) in paragraph at lines 490--497

 []


Underfull \hbox (badness 10000) in paragraph at lines 490--497

 []


Underfull \hbox (badness 10000) in paragraph at lines 490--497

 []

[10]
Underfull \hbox (badness 10000) in paragraph at lines 521--528

 []


Underfull \hbox (badness 10000) in paragraph at lines 521--528

 []


Underfull \hbox (badness 10000) in paragraph at lines 521--528

 []


Underfull \hbox (badness 10000) in paragraph at lines 534--540

 []


Underfull \hbox (badness 10000) in paragraph at lines 534--540

 []


Underfull \hbox (badness 10000) in paragraph at lines 534--540

 []


Underfull \hbox (badness 10000) in paragraph at lines 546--553

 []


Underfull \hbox (badness 10000) in paragraph at lines 546--553

 []


Underfull \hbox (badness 10000) in paragraph at lines 546--553

 []


Underfull \hbox (badness 10000) in paragraph at lines 558--561

 []


Underfull \hbox (badness 10000) in paragraph at lines 558--561

 []


Underfull \hbox (badness 10000) in paragraph at lines 566--572

 []


Underfull \hbox (badness 10000) in paragraph at lines 566--572

 []


Underfull \hbox (badness 10000) in paragraph at lines 566--572

 []


Underfull \hbox (badness 10000) in paragraph at lines 575--585

 []


Underfull \hbox (badness 10000) in paragraph at lines 575--585

 []


Underfull \hbox (badness 10000) in paragraph at lines 575--585

 []

[11]
Underfull \hbox (badness 10000) in paragraph at lines 591--593

 []


Underfull \hbox (badness 10000) in paragraph at lines 598--601

 []


Underfull \hbox (badness 10000) in paragraph at lines 598--601

 []


Underfull \hbox (badness 10000) in paragraph at lines 606--609

 []


Underfull \hbox (badness 10000) in paragraph at lines 606--609

 []


Underfull \hbox (badness 10000) in paragraph at lines 614--617

 []


Underfull \hbox (badness 10000) in paragraph at lines 614--617

 []


Underfull \hbox (badness 10000) in paragraph at lines 628--631

 []


Underfull \hbox (badness 10000) in paragraph at lines 628--631

 []


Underfull \hbox (badness 10000) in paragraph at lines 647--650

 []


Underfull \hbox (badness 10000) in paragraph at lines 647--650

 []


Underfull \hbox (badness 10000) in paragraph at lines 678--681

 []


Underfull \hbox (badness 10000) in paragraph at lines 678--681

 []

[12]
Underfull \hbox (badness 10000) in paragraph at lines 684--687

 []


Underfull \hbox (badness 10000) in paragraph at lines 684--687

 []


Underfull \hbox (badness 10000) in paragraph at lines 692--695

 []


Underfull \hbox (badness 10000) in paragraph at lines 692--695

 []


Underfull \hbox (badness 10000) in paragraph at lines 706--709

 []


Underfull \hbox (badness 10000) in paragraph at lines 706--709

 []


Underfull \hbox (badness 10000) in paragraph at lines 730--733

 []


Underfull \hbox (badness 10000) in paragraph at lines 730--733

 []


Underfull \hbox (badness 10000) in paragraph at lines 770--775

 []


Underfull \hbox (badness 10000) in paragraph at lines 770--775

 []


Underfull \hbox (badness 10000) in paragraph at lines 770--775

 []


Underfull \hbox (badness 10000) in paragraph at lines 770--775

 []

[13]
Underfull \hbox (badness 10000) in paragraph at lines 800--806

 []


Underfull \hbox (badness 10000) in paragraph at lines 800--806

 []


Underfull \hbox (badness 10000) in paragraph at lines 812--814

 []


Underfull \hbox (badness 10000) in paragraph at lines 861--867

 []


Overfull \hbox (2.6112pt too wide) detected at line 918
\OML/cmm/m/it/12 h[] \OT1/cmr/m/n/12 + \OML/cmm/m/it/12 ^^Zu[] \OT1/cmr/m/n/12 + \OML/cmm/m/it/12 ^^Zv[] \OT1/cmr/m/n/12 = \OML/cmm/m/it/12 u[][] \OT1/cmr/m/n/12 + \OML/cmm/m/it/12 ^^V [][] \OMS/cmsy/m/n/12 ^^@ \OML/cmm/m/it/12 k[] [] \OT1/cmr/m/n/12 + \OML/cmm/m/it/12 Q\OT1/cmr/m/n/12 

 []


Underfull \hbox (badness 10000) in paragraph at lines 940--945

 []


Underfull \hbox (badness 10000) in paragraph at lines 940--945

 []


Underfull \hbox (badness 10000) in paragraph at lines 952--954

 []


Underfull \hbox (badness 10000) in paragraph at lines 961--964

 []


Underfull \hbox (badness 10000) in paragraph at lines 961--964

 []

[14]
Underfull \hbox (badness 10000) in paragraph at lines 970--973

 []


Underfull \hbox (badness 10000) in paragraph at lines 970--973

 []


Underfull \hbox (badness 10000) in paragraph at lines 976--979

 []


Underfull \hbox (badness 10000) in paragraph at lines 976--979

 []


Underfull \hbox (badness 10000) in paragraph at lines 990--997

 []


Underfull \hbox (badness 10000) in paragraph at lines 990--997

 []


Underfull \hbox (badness 10000) in paragraph at lines 990--997

 []


Underfull \hbox (badness 10000) in paragraph at lines 1004--1007

 []


Underfull \hbox (badness 10000) in paragraph at lines 1004--1007

 []


Underfull \hbox (badness 10000) in paragraph at lines 1014--1017

 []


Underfull \hbox (badness 10000) in paragraph at lines 1014--1017

 []


Underfull \hbox (badness 10000) in paragraph at lines 1023--1031

 []


Underfull \hbox (badness 10000) in paragraph at lines 1023--1031

 []


Underfull \hbox (badness 10000) in paragraph at lines 1042--1045

 []


Underfull \hbox (badness 10000) in paragraph at lines 1042--1045

 []

[15]
Underfull \hbox (badness 10000) in paragraph at lines 1047--1049

 []


Underfull \hbox (badness 10000) in paragraph at lines 1051--1053

 []

[16]
Underfull \hbox (badness 10000) in paragraph at lines 1061--1075

 []

) (./nondimension.tex
Underfull \hbox (badness 10000) in paragraph at lines 2--6

 []


Underfull \hbox (badness 10000) in paragraph at lines 2--6

 []


Underfull \hbox (badness 10000) in paragraph at lines 10--12

 []


Overfull \hbox (11.8456pt too wide) detected at line 17
\OML/cmm/m/it/12 U \OT1/cmr/m/n/12 = []\OML/cmm/m/it/12 ;  V \OT1/cmr/m/n/12 = []\OML/cmm/m/it/12 ;  [] v[] \OT1/cmr/m/n/12 = []\OML/cmm/m/it/12 ;  [] V \OT1/cmr/m/n/12 = [][]\OML/cmm/m/it/12 ; 
 []


Underfull \hbox (badness 10000) in paragraph at lines 17--19

 []


Underfull \hbox (badness 10000) in paragraph at lines 23--25

 []


Underfull \hbox (badness 10000) in paragraph at lines 28--30

 []

[17

]
Underfull \hbox (badness 10000) in paragraph at lines 39--45

 []


Underfull \hbox (badness 10000) in paragraph at lines 39--45

 []


Underfull \hbox (badness 10000) in paragraph at lines 39--45

 []


Underfull \hbox (badness 10000) in paragraph at lines 49--52

 []


Underfull \hbox (badness 10000) in paragraph at lines 49--52

 []


Underfull \hbox (badness 10000) in paragraph at lines 56--59

 []


Underfull \hbox (badness 10000) in paragraph at lines 56--59

 []


Underfull \hbox (badness 10000) in paragraph at lines 63--69

 []


Underfull \hbox (badness 10000) in paragraph at lines 63--69

 []


Underfull \hbox (badness 10000) in paragraph at lines 63--69

 []


Underfull \hbox (badness 10000) in paragraph at lines 74--81

 []


Underfull \hbox (badness 10000) in paragraph at lines 74--81

 []


Underfull \hbox (badness 10000) in paragraph at lines 74--81

 []


Underfull \hbox (badness 10000) in paragraph at lines 83--86

 []


Underfull \hbox (badness 10000) in paragraph at lines 83--86

 []


Underfull \hbox (badness 10000) in paragraph at lines 88--91

 []


Underfull \hbox (badness 10000) in paragraph at lines 88--91

 []

[18]
Underfull \hbox (badness 10000) in paragraph at lines 93--99

 []


Underfull \hbox (badness 10000) in paragraph at lines 93--99

 []


Underfull \hbox (badness 10000) in paragraph at lines 93--99

 []


Underfull \hbox (badness 10000) in paragraph at lines 101--107

 []


Underfull \hbox (badness 10000) in paragraph at lines 101--107

 []


Underfull \hbox (badness 10000) in paragraph at lines 101--107

 []


Underfull \hbox (badness 10000) in paragraph at lines 109--115

 []


Underfull \hbox (badness 10000) in paragraph at lines 109--115

 []


Underfull \hbox (badness 10000) in paragraph at lines 109--115

 []


Underfull \hbox (badness 10000) in paragraph at lines 117--133

 []


Underfull \hbox (badness 10000) in paragraph at lines 134--137

 []


Underfull \hbox (badness 10000) in paragraph at lines 134--137

 []


Underfull \hbox (badness 10000) in paragraph at lines 142--148

 []


Underfull \hbox (badness 10000) in paragraph at lines 142--148

 []


Underfull \hbox (badness 10000) in paragraph at lines 142--148

 []


Underfull \hbox (badness 10000) in paragraph at lines 152--157

 []


Underfull \hbox (badness 10000) in paragraph at lines 152--157

 []

[19]
Underfull \hbox (badness 10000) in paragraph at lines 163--165

 []


Overfull \hbox (6.40721pt too wide) detected at line 171
[]\OML/cmm/m/it/12 %U[] \OT1/cmr/m/n/12 + []\OML/cmm/m/it/12 %V[] \OT1/cmr/m/n/12 + [][] [] + \OML/cmm/m/it/12 s[]\OT1/cmr/m/n/12 

 []


Underfull \hbox (badness 10000) in paragraph at lines 171--174

 []


Underfull \hbox (badness 10000) in paragraph at lines 171--174

 []


Underfull \hbox (badness 10000) in paragraph at lines 183--186

 []


Underfull \hbox (badness 10000) in paragraph at lines 183--186

 []


Underfull \hbox (badness 10000) in paragraph at lines 224--226

 []


Underfull \hbox (badness 10000) in paragraph at lines 229--235

 []


Underfull \hbox (badness 10000) in paragraph at lines 229--235

 []


Underfull \hbox (badness 10000) in paragraph at lines 229--235

 []

[20]
Underfull \hbox (badness 10000) in paragraph at lines 241--244

 []


Underfull \hbox (badness 10000) in paragraph at lines 241--244

 []


Underfull \hbox (badness 10000) in paragraph at lines 250--259

 []


Underfull \hbox (badness 10000) in paragraph at lines 250--259

 []


Underfull \hbox (badness 10000) in paragraph at lines 250--259

 []


Underfull \hbox (badness 10000) in paragraph at lines 250--259

 []


Underfull \hbox (badness 10000) in paragraph at lines 250--259

 []


Underfull \hbox (badness 10000) in paragraph at lines 270--276

 []


Underfull \hbox (badness 10000) in paragraph at lines 270--276

 []


Underfull \hbox (badness 10000) in paragraph at lines 270--276

 []


Overfull \hbox (84.01532pt too wide) detected at line 287
[]\OML/cmm/m/it/12 %U[]\OT1/cmr/m/n/12 (\OML/cmm/m/it/12 c[][]\OT1/cmr/m/n/12 ) + []\OML/cmm/m/it/12 %V[]\OT1/cmr/m/n/12 (\OML/cmm/m/it/12 c[][]\OT1/cmr/m/n/12 ) = []\OML/cmm/m/it/12 ^^V[] \OT1/cmr/m/n/12 + [][] [] + \OML/cmm/m/it/12 Q\OT1/cmr/m/n/12 

 []


Underfull \hbox (badness 10000) in paragraph at lines 287--290

 []


Underfull \hbox (badness 10000) in paragraph at lines 287--290

 []


Underfull \hbox (badness 10000) in paragraph at lines 297--303

 []


Underfull \hbox (badness 10000) in paragraph at lines 297--303

 []


Underfull \hbox (badness 10000) in paragraph at lines 297--303

 []


Underfull \hbox (badness 10000) in paragraph at lines 305--308

 []


Underfull \hbox (badness 10000) in paragraph at lines 305--308

 []

[21]
Underfull \hbox (badness 10000) in paragraph at lines 310--316

 []


Underfull \hbox (badness 10000) in paragraph at lines 310--316

 []


Underfull \hbox (badness 10000) in paragraph at lines 310--316

 []


Underfull \hbox (badness 10000) in paragraph at lines 318--321

 []


Underfull \hbox (badness 10000) in paragraph at lines 318--321

 []

[22]
Underfull \hbox (badness 10000) in paragraph at lines 322--326

 []


Underfull \hbox (badness 10000) in paragraph at lines 322--326

 []


Underfull \hbox (badness 10000) in paragraph at lines 322--326

 []


Underfull \hbox (badness 10000) in paragraph at lines 330--333

 []


Underfull \hbox (badness 10000) in paragraph at lines 330--333

 []


Underfull \hbox (badness 10000) in paragraph at lines 339--342

 []


Underfull \hbox (badness 10000) in paragraph at lines 339--342

 []


Underfull \hbox (badness 10000) in paragraph at lines 348--351

 []


Underfull \hbox (badness 10000) in paragraph at lines 348--351

 []


Underfull \hbox (badness 10000) in paragraph at lines 355--358

 []


Underfull \hbox (badness 10000) in paragraph at lines 355--358

 []


Underfull \hbox (badness 10000) in paragraph at lines 365--368

 []


Underfull \hbox (badness 10000) in paragraph at lines 365--368

 []

)
Underfull \hbox (badness 10000) in paragraph at lines 371--153

 []


Underfull \hbox (badness 10000) in paragraph at lines 371--153

 []

(./similarity.tex
Underfull \hbox (badness 10000) in paragraph at lines 3--11

 []


Underfull \hbox (badness 10000) in paragraph at lines 3--11

 []


Underfull \hbox (badness 10000) in paragraph at lines 3--11

 []

[23

]
Underfull \hbox (badness 10000) in paragraph at lines 14--21

 []


Underfull \hbox (badness 10000) in paragraph at lines 14--21

 []


Underfull \hbox (badness 10000) in paragraph at lines 14--21

 []


Underfull \hbox (badness 10000) in paragraph at lines 26--32

 []


Underfull \hbox (badness 10000) in paragraph at lines 26--32

 []


Underfull \hbox (badness 10000) in paragraph at lines 26--32

 []


Underfull \hbox (badness 10000) in paragraph at lines 36--39

 []


Underfull \hbox (badness 10000) in paragraph at lines 36--39

 []


Underfull \hbox (badness 10000) in paragraph at lines 45--48

 []


Underfull \hbox (badness 10000) in paragraph at lines 45--48

 []


Underfull \hbox (badness 10000) in paragraph at lines 54--57

 []


Underfull \hbox (badness 10000) in paragraph at lines 54--57

 []


Underfull \hbox (badness 10000) in paragraph at lines 64--67

 []


Underfull \hbox (badness 10000) in paragraph at lines 64--67

 []

[24]
Underfull \hbox (badness 10000) in paragraph at lines 75--81

 []


Underfull \hbox (badness 10000) in paragraph at lines 75--81

 []


Underfull \hbox (badness 10000) in paragraph at lines 75--81

 []


Underfull \hbox (badness 10000) in paragraph at lines 83--90

 []


Underfull \hbox (badness 10000) in paragraph at lines 83--90

 []


Underfull \hbox (badness 10000) in paragraph at lines 83--90

 []


Underfull \hbox (badness 10000) in paragraph at lines 92--98

 []


Underfull \hbox (badness 10000) in paragraph at lines 92--98

 []


Underfull \hbox (badness 10000) in paragraph at lines 92--98

 []


Underfull \hbox (badness 10000) in paragraph at lines 101--107

 []


Underfull \hbox (badness 10000) in paragraph at lines 101--107

 []


Underfull \hbox (badness 10000) in paragraph at lines 101--107

 []


Underfull \hbox (badness 10000) in paragraph at lines 114--117

 []


Underfull \hbox (badness 10000) in paragraph at lines 114--117

 []


Underfull \hbox (badness 10000) in paragraph at lines 124--127

 []


Underfull \hbox (badness 10000) in paragraph at lines 124--127

 []

[25]
Underfull \hbox (badness 10000) in paragraph at lines 133--144

 []


Underfull \hbox (badness 10000) in paragraph at lines 133--144

 []


Underfull \hbox (badness 10000) in paragraph at lines 133--144

 []


Underfull \hbox (badness 10000) in paragraph at lines 133--144

 []


Underfull \hbox (badness 10000) in paragraph at lines 147--150

 []


Underfull \hbox (badness 10000) in paragraph at lines 147--150

 []


Underfull \hbox (badness 10000) in paragraph at lines 155--158

 []


Underfull \hbox (badness 10000) in paragraph at lines 155--158

 []


Underfull \hbox (badness 10000) in paragraph at lines 169--172

 []


Underfull \hbox (badness 10000) in paragraph at lines 169--172

 []


Underfull \hbox (badness 10000) in paragraph at lines 185--188

 []


Underfull \hbox (badness 10000) in paragraph at lines 185--188

 []


Underfull \hbox (badness 10000) in paragraph at lines 203--206

 []


Underfull \hbox (badness 10000) in paragraph at lines 203--206

 []


Underfull \hbox (badness 10000) in paragraph at lines 224--227

 []


Underfull \hbox (badness 10000) in paragraph at lines 224--227

 []

[26]
Underfull \hbox (badness 10000) in paragraph at lines 238--244

 []


Underfull \hbox (badness 10000) in paragraph at lines 238--244

 []


Underfull \hbox (badness 10000) in paragraph at lines 238--244

 []


Underfull \hbox (badness 10000) in paragraph at lines 268--274

 []


Underfull \hbox (badness 10000) in paragraph at lines 268--274

 []


Underfull \hbox (badness 10000) in paragraph at lines 268--274

 []


Underfull \hbox (badness 10000) in paragraph at lines 278--281

 []


Underfull \hbox (badness 10000) in paragraph at lines 278--281

 []


Underfull \hbox (badness 10000) in paragraph at lines 285--294

 []


Underfull \hbox (badness 10000) in paragraph at lines 285--294

 []


Underfull \hbox (badness 10000) in paragraph at lines 285--294

 []


Underfull \hbox (badness 10000) in paragraph at lines 285--294

 []


Underfull \hbox (badness 10000) in paragraph at lines 300--303

 []


Underfull \hbox (badness 10000) in paragraph at lines 300--303

 []


Underfull \hbox (badness 10000) in paragraph at lines 311--314

 []


Underfull \hbox (badness 10000) in paragraph at lines 311--314

 []

[27]
Underfull \hbox (badness 10000) in paragraph at lines 327--330

 []


Underfull \hbox (badness 10000) in paragraph at lines 327--330

 []


Underfull \hbox (badness 10000) in paragraph at lines 343--346

 []


Underfull \hbox (badness 10000) in paragraph at lines 343--346

 []


Underfull \hbox (badness 10000) in paragraph at lines 353--356

 []


Underfull \hbox (badness 10000) in paragraph at lines 353--356

 []


Underfull \hbox (badness 10000) in paragraph at lines 363--373

 []


Underfull \hbox (badness 10000) in paragraph at lines 363--373

 []


Underfull \hbox (badness 10000) in paragraph at lines 363--373

 []


Underfull \hbox (badness 10000) in paragraph at lines 363--373

 []


Underfull \hbox (badness 10000) in paragraph at lines 380--386

 []


Underfull \hbox (badness 10000) in paragraph at lines 380--386

 []


Underfull \hbox (badness 10000) in paragraph at lines 380--386

 []


Underfull \hbox (badness 10000) in paragraph at lines 390--393

 []


Underfull \hbox (badness 10000) in paragraph at lines 390--393

 []

[28]
Underfull \hbox (badness 10000) in paragraph at lines 399--402

 []


Underfull \hbox (badness 10000) in paragraph at lines 399--402

 []


Underfull \hbox (badness 10000) in paragraph at lines 413--416

 []


Underfull \hbox (badness 10000) in paragraph at lines 413--416

 []


Underfull \hbox (badness 10000) in paragraph at lines 420--423

 []


Underfull \hbox (badness 10000) in paragraph at lines 420--423

 []


Underfull \hbox (badness 10000) in paragraph at lines 427--433

 []


Underfull \hbox (badness 10000) in paragraph at lines 427--433

 []


Underfull \hbox (badness 10000) in paragraph at lines 427--433

 []


Underfull \hbox (badness 10000) in paragraph at lines 439--445

 []


Underfull \hbox (badness 10000) in paragraph at lines 439--445

 []


Underfull \hbox (badness 10000) in paragraph at lines 439--445

 []


Underfull \hbox (badness 10000) in paragraph at lines 453--456

 []


Underfull \hbox (badness 10000) in paragraph at lines 453--456

 []


Underfull \hbox (badness 10000) in paragraph at lines 464--467

 []


Underfull \hbox (badness 10000) in paragraph at lines 464--467

 []

[29]
Underfull \hbox (badness 10000) in paragraph at lines 473--476

 []


Underfull \hbox (badness 10000) in paragraph at lines 473--476

 []


Underfull \hbox (badness 10000) in paragraph at lines 491--494

 []


Underfull \hbox (badness 10000) in paragraph at lines 491--494

 []


Underfull \hbox (badness 10000) in paragraph at lines 513--516

 []


Underfull \hbox (badness 10000) in paragraph at lines 513--516

 []


Underfull \hbox (badness 10000) in paragraph at lines 528--531

 []


Underfull \hbox (badness 10000) in paragraph at lines 528--531

 []


Underfull \hbox (badness 10000) in paragraph at lines 542--549

 []


Underfull \hbox (badness 10000) in paragraph at lines 542--549

 []


Underfull \hbox (badness 10000) in paragraph at lines 542--549

 []


Underfull \hbox (badness 10000) in paragraph at lines 551--557

 []


Underfull \hbox (badness 10000) in paragraph at lines 551--557

 []


Underfull \hbox (badness 10000) in paragraph at lines 551--557

 []

[30]
Underfull \hbox (badness 10000) in paragraph at lines 559--565

 []


Underfull \hbox (badness 10000) in paragraph at lines 559--565

 []


Underfull \hbox (badness 10000) in paragraph at lines 559--565

 []


Underfull \hbox (badness 10000) in paragraph at lines 569--572

 []


Underfull \hbox (badness 10000) in paragraph at lines 569--572

 []


Underfull \hbox (badness 10000) in paragraph at lines 579--582

 []


Underfull \hbox (badness 10000) in paragraph at lines 579--582

 []


Underfull \hbox (badness 10000) in paragraph at lines 589--592

 []


Underfull \hbox (badness 10000) in paragraph at lines 589--592

 []


Underfull \hbox (badness 10000) in paragraph at lines 596--599

 []


Underfull \hbox (badness 10000) in paragraph at lines 596--599

 []

) (./croco.tex [31] [32] [33] [34]
Overfull \hbox (7.23135pt too wide) detected at line 507
\OML/cmm/m/it/12 h \OT1/cmr/m/n/12 = \OMS/cmsy/m/n/12 ^^@[] \OT1/cmr/m/n/12 + [] \OML/cmm/m/it/12 u \OT1/cmr/m/n/12 + \OML/cmm/m/it/12 h[] \OT1/cmr/m/n/12 + [] \OMS/cmsy/m/n/12 ^^@ [] \OML/cmm/m/it/12 u[]
 []

[35]
Underfull \hbox (badness 10000) in paragraph at lines 771--773

 []


Underfull \hbox (badness 10000) in paragraph at lines 777--780

 []


Underfull \hbox (badness 10000) in paragraph at lines 777--780

 []

[36]
Underfull \hbox (badness 10000) in paragraph at lines 786--789

 []


Underfull \hbox (badness 10000) in paragraph at lines 786--789

 []


Underfull \hbox (badness 10000) in paragraph at lines 795--798

 []


Underfull \hbox (badness 10000) in paragraph at lines 795--798

 []


Underfull \hbox (badness 10000) in paragraph at lines 802--805

 []


Underfull \hbox (badness 10000) in paragraph at lines 802--805

 []


Underfull \hbox (badness 10000) in paragraph at lines 812--815

 []


Underfull \hbox (badness 10000) in paragraph at lines 812--815

 []


Underfull \hbox (badness 10000) in paragraph at lines 818--820

 []

) (./new.tex
Underfull \hbox (badness 10000) in paragraph at lines 3--11

 []


Underfull \hbox (badness 10000) in paragraph at lines 3--11

 []


Underfull \hbox (badness 10000) in paragraph at lines 3--11

 []


Underfull \hbox (badness 10000) in paragraph at lines 14--21

 []


Underfull \hbox (badness 10000) in paragraph at lines 14--21

 []


Underfull \hbox (badness 10000) in paragraph at lines 14--21

 []

[37]
Underfull \hbox (badness 10000) in paragraph at lines 26--32

 []


Underfull \hbox (badness 10000) in paragraph at lines 26--32

 []


Underfull \hbox (badness 10000) in paragraph at lines 26--32

 []


Underfull \hbox (badness 10000) in paragraph at lines 36--39

 []


Underfull \hbox (badness 10000) in paragraph at lines 36--39

 []


Underfull \hbox (badness 10000) in paragraph at lines 45--48

 []


Underfull \hbox (badness 10000) in paragraph at lines 45--48

 []


Underfull \hbox (badness 10000) in paragraph at lines 54--57

 []


Underfull \hbox (badness 10000) in paragraph at lines 54--57

 []


Underfull \hbox (badness 10000) in paragraph at lines 64--67

 []


Underfull \hbox (badness 10000) in paragraph at lines 64--67

 []


Underfull \hbox (badness 10000) in paragraph at lines 75--81

 []


Underfull \hbox (badness 10000) in paragraph at lines 75--81

 []


Underfull \hbox (badness 10000) in paragraph at lines 75--81

 []

[38]
Underfull \hbox (badness 10000) in paragraph at lines 83--90

 []


Underfull \hbox (badness 10000) in paragraph at lines 83--90

 []


Underfull \hbox (badness 10000) in paragraph at lines 83--90

 []


Underfull \hbox (badness 10000) in paragraph at lines 92--98

 []


Underfull \hbox (badness 10000) in paragraph at lines 92--98

 []


Underfull \hbox (badness 10000) in paragraph at lines 92--98

 []


Underfull \hbox (badness 10000) in paragraph at lines 101--107

 []


Underfull \hbox (badness 10000) in paragraph at lines 101--107

 []


Underfull \hbox (badness 10000) in paragraph at lines 101--107

 []


Underfull \hbox (badness 10000) in paragraph at lines 114--117

 []


Underfull \hbox (badness 10000) in paragraph at lines 114--117

 []


Underfull \hbox (badness 10000) in paragraph at lines 124--127

 []


Underfull \hbox (badness 10000) in paragraph at lines 124--127

 []


Underfull \hbox (badness 10000) in paragraph at lines 133--144

 []


Underfull \hbox (badness 10000) in paragraph at lines 133--144

 []


Underfull \hbox (badness 10000) in paragraph at lines 133--144

 []


Underfull \hbox (badness 10000) in paragraph at lines 133--144

 []

[39]
Underfull \hbox (badness 10000) in paragraph at lines 147--150

 []


Underfull \hbox (badness 10000) in paragraph at lines 147--150

 []


Underfull \hbox (badness 10000) in paragraph at lines 155--158

 []


Underfull \hbox (badness 10000) in paragraph at lines 155--158

 []


Underfull \hbox (badness 10000) in paragraph at lines 169--172

 []


Underfull \hbox (badness 10000) in paragraph at lines 169--172

 []


Underfull \hbox (badness 10000) in paragraph at lines 185--188

 []


Underfull \hbox (badness 10000) in paragraph at lines 185--188

 []


Underfull \hbox (badness 10000) in paragraph at lines 203--206

 []


Underfull \hbox (badness 10000) in paragraph at lines 203--206

 []


Underfull \hbox (badness 10000) in paragraph at lines 224--227

 []


Underfull \hbox (badness 10000) in paragraph at lines 224--227

 []


Underfull \hbox (badness 10000) in paragraph at lines 238--244

 []


Underfull \hbox (badness 10000) in paragraph at lines 238--244

 []


Underfull \hbox (badness 10000) in paragraph at lines 238--244

 []

[40]
Underfull \hbox (badness 10000) in paragraph at lines 268--274

 []


Underfull \hbox (badness 10000) in paragraph at lines 268--274

 []


Underfull \hbox (badness 10000) in paragraph at lines 268--274

 []


Underfull \hbox (badness 10000) in paragraph at lines 278--281

 []


Underfull \hbox (badness 10000) in paragraph at lines 278--281

 []


Underfull \hbox (badness 10000) in paragraph at lines 285--294

 []


Underfull \hbox (badness 10000) in paragraph at lines 285--294

 []


Underfull \hbox (badness 10000) in paragraph at lines 285--294

 []


Underfull \hbox (badness 10000) in paragraph at lines 285--294

 []


Underfull \hbox (badness 10000) in paragraph at lines 300--303

 []


Underfull \hbox (badness 10000) in paragraph at lines 300--303

 []


Underfull \hbox (badness 10000) in paragraph at lines 311--314

 []


Underfull \hbox (badness 10000) in paragraph at lines 311--314

 []


Underfull \hbox (badness 10000) in paragraph at lines 327--330

 []


Underfull \hbox (badness 10000) in paragraph at lines 327--330

 []

[41]
Underfull \hbox (badness 10000) in paragraph at lines 343--346

 []


Underfull \hbox (badness 10000) in paragraph at lines 343--346

 []


Underfull \hbox (badness 10000) in paragraph at lines 353--356

 []


Underfull \hbox (badness 10000) in paragraph at lines 353--356

 []


Underfull \hbox (badness 10000) in paragraph at lines 363--373

 []


Underfull \hbox (badness 10000) in paragraph at lines 363--373

 []


Underfull \hbox (badness 10000) in paragraph at lines 363--373

 []


Underfull \hbox (badness 10000) in paragraph at lines 363--373

 []


Underfull \hbox (badness 10000) in paragraph at lines 380--386

 []


Underfull \hbox (badness 10000) in paragraph at lines 380--386

 []


Underfull \hbox (badness 10000) in paragraph at lines 380--386

 []


Underfull \hbox (badness 10000) in paragraph at lines 390--393

 []


Underfull \hbox (badness 10000) in paragraph at lines 390--393

 []


Underfull \hbox (badness 10000) in paragraph at lines 399--402

 []


Underfull \hbox (badness 10000) in paragraph at lines 399--402

 []

[42]
Underfull \hbox (badness 10000) in paragraph at lines 413--416

 []


Underfull \hbox (badness 10000) in paragraph at lines 413--416

 []


Underfull \hbox (badness 10000) in paragraph at lines 420--423

 []


Underfull \hbox (badness 10000) in paragraph at lines 420--423

 []


Underfull \hbox (badness 10000) in paragraph at lines 427--433

 []


Underfull \hbox (badness 10000) in paragraph at lines 427--433

 []


Underfull \hbox (badness 10000) in paragraph at lines 427--433

 []


Underfull \hbox (badness 10000) in paragraph at lines 439--445

 []


Underfull \hbox (badness 10000) in paragraph at lines 439--445

 []


Underfull \hbox (badness 10000) in paragraph at lines 439--445

 []


Underfull \hbox (badness 10000) in paragraph at lines 453--456

 []


Underfull \hbox (badness 10000) in paragraph at lines 453--456

 []


Underfull \hbox (badness 10000) in paragraph at lines 464--467

 []


Underfull \hbox (badness 10000) in paragraph at lines 464--467

 []


Underfull \hbox (badness 10000) in paragraph at lines 473--476

 []


Underfull \hbox (badness 10000) in paragraph at lines 473--476

 []

[43]
Underfull \hbox (badness 10000) in paragraph at lines 491--494

 []


Underfull \hbox (badness 10000) in paragraph at lines 491--494

 []


Underfull \hbox (badness 10000) in paragraph at lines 513--516

 []


Underfull \hbox (badness 10000) in paragraph at lines 513--516

 []


Underfull \hbox (badness 10000) in paragraph at lines 528--531

 []


Underfull \hbox (badness 10000) in paragraph at lines 528--531

 []


Underfull \hbox (badness 10000) in paragraph at lines 542--549

 []


Underfull \hbox (badness 10000) in paragraph at lines 542--549

 []


Underfull \hbox (badness 10000) in paragraph at lines 542--549

 []


Underfull \hbox (badness 10000) in paragraph at lines 551--557

 []


Underfull \hbox (badness 10000) in paragraph at lines 551--557

 []


Underfull \hbox (badness 10000) in paragraph at lines 551--557

 []

[44]
Underfull \hbox (badness 10000) in paragraph at lines 559--565

 []


Underfull \hbox (badness 10000) in paragraph at lines 559--565

 []


Underfull \hbox (badness 10000) in paragraph at lines 559--565

 []


Underfull \hbox (badness 10000) in paragraph at lines 569--572

 []


Underfull \hbox (badness 10000) in paragraph at lines 569--572

 []


Underfull \hbox (badness 10000) in paragraph at lines 579--582

 []


Underfull \hbox (badness 10000) in paragraph at lines 579--582

 []


Underfull \hbox (badness 10000) in paragraph at lines 589--592

 []


Underfull \hbox (badness 10000) in paragraph at lines 589--592

 []


Underfull \hbox (badness 10000) in paragraph at lines 596--599

 []


Underfull \hbox (badness 10000) in paragraph at lines 596--599

 []

[45] [46] [47]
Overfull \hbox (7.23135pt too wide) detected at line 1119
\OML/cmm/m/it/12 h \OT1/cmr/m/n/12 = \OMS/cmsy/m/n/12 ^^@[] \OT1/cmr/m/n/12 + [] \OML/cmm/m/it/12 u \OT1/cmr/m/n/12 + \OML/cmm/m/it/12 h[] \OT1/cmr/m/n/12 + [] \OMS/cmsy/m/n/12 ^^@ [] \OML/cmm/m/it/12 u[]
 []

[48] [49]) (./main.bbl
LaTeX Font Info:    Try loading font information for T1+cmtt on input line 23.
 (/usr/local/texlive/2017/texmf-dist/tex/latex/base/t1cmtt.fd
File: t1cmtt.fd 2014/09/29 v2.5h Standard LaTeX font definitions
)
Underfull \hbox (badness 1688) in paragraph at lines 15--24
\T1/cmr/m/n/12 tur-bances of vis-cous fluid flow be-tween par-al-lel walls.  \T1/cmr/m/it/12 Pro-ceed-
 []


Underfull \hbox (badness 2237) in paragraph at lines 15--24
\T1/cmr/m/it/12 ings of the Royal So-ci-ety of Lon-don. Se-ries A, Con-tain-ing Pa-
 []


Underfull \hbox (badness 1360) in paragraph at lines 15--24
\T1/cmr/m/it/12 pers of a Math-e-mat-i-cal and Phys-i-cal Char-ac-ter\T1/cmr/m/n/12 , 142(847):621--628,
 []


Underfull \hbox (badness 1184) in paragraph at lines 15--24
\T1/cmr/m/n/12 11 1933.  ISSN 0950-1207.  doi: 10.1098/rspa.1933.0193.  URL
 []

) [50] [51] (./main.aux)

LaTeX Warning: There were multiply-defined labels.

 ) 
Here is how much of TeX's memory you used:
 6480 strings out of 492995
 86466 string characters out of 6132704
 289321 words of memory out of 5000000
 9853 multiletter control sequences out of 15000+600000
 20391 words of font info for 50 fonts, out of 8000000 for 9000
 1141 hyphenation exceptions out of 8191
 41i,17n,43p,441b,587s stack positions out of 5000i,500n,10000p,200000b,80000s
{/usr/local/texlive/2017/texmf-dist/fonts/enc/dvips/cm-super/cm-super-t1.enc}</usr/local/texlive/2017/texmf-dist/fonts/type1/public/amsfonts/cm/cmex10.pfb></usr/local/texlive/2017/texmf-dist/fonts/type1/public/amsfonts/cm/cmmi12.pfb></usr/local/texlive/2017/texmf-dist/fonts/type1/public/amsfonts/cm/cmmi6.pfb></usr/local/texlive/2017/texmf-dist/fonts/type1/public/amsfonts/cm/cmmi8.pfb></usr/local/texlive/2017/texmf-dist/fonts/type1/public/amsfonts/cm/cmr12.pfb></usr/local/texlive/2017/texmf-dist/fonts/type1/public/amsfonts/cm/cmr8.pfb></usr/local/texlive/2017/texmf-dist/fonts/type1/public/amsfonts/cm/cmsy10.pfb></usr/local/texlive/2017/texmf-dist/fonts/type1/public/amsfonts/cm/cmsy8.pfb></usr/local/texlive/2017/texmf-dist/fonts/type1/public/amsfonts/latxfont/line10.pfb></usr/local/texlive/2017/texmf-dist/fonts/type1/public/cm-super/sfbx1200.pfb></usr/local/texlive/2017/texmf-dist/fonts/type1/public/cm-super/sfcc1440.pfb></usr/local/texlive/2017/texmf-dist/fonts/type1/public/cm-super/sfcc1728.pfb></usr/local/texlive/2017/texmf-dist/fonts/type1/public/cm-super/sfrm1000.pfb></usr/local/texlive/2017/texmf-dist/fonts/type1/public/cm-super/sfrm1200.pfb></usr/local/texlive/2017/texmf-dist/fonts/type1/public/cm-super/sfrm1728.pfb></usr/local/texlive/2017/texmf-dist/fonts/type1/public/cm-super/sfss0600.pfb></usr/local/texlive/2017/texmf-dist/fonts/type1/public/cm-super/sfti1000.pfb></usr/local/texlive/2017/texmf-dist/fonts/type1/public/cm-super/sfti1200.pfb></usr/local/texlive/2017/texmf-dist/fonts/type1/public/cm-super/sftt1200.pfb></usr/local/texlive/2017/texmf-dist/fonts/type1/public/cm-super/sfxc1728.pfb>
Output written on main.pdf (51 pages, 406708 bytes).
PDF statistics:
 252 PDF objects out of 1000 (max. 8388607)
 176 compressed objects within 2 object streams
 0 named destinations out of 1000 (max. 500000)
 6 words of extra memory for PDF output out of 10000 (max. 10000000)

